<?xml version="1.0" encoding="UTF-8" ?>
<testsuite errors="1" failures="0" hostname="LAPTOP-LDSBS6LI" name="ContactUSDAOTest" skipped="0" tests="1" time="0.0" timestamp="2020-07-28T19:15:28">
  <properties>
    <property name="java.vendor" value="Oracle Corporation" />
    <property name="env.USERDOMAIN_ROAMINGPROFILE" value="LAPTOP-LDSBS6LI" />
    <property name="sun.java.launcher" value="SUN_STANDARD" />
    <property name="eclipse.pdebuild.templates" value="C:\Users\steve\OneDrive\Desktop\eclipse\plugins\org.eclipse.pde.build_3.10.600.v20191011-0535\templates" />
    <property name="sun.management.compiler" value="HotSpot 64-Bit Tiered Compilers" />
    <property name="env.PROMPT" value="$P$G" />
    <property name="env.DriverData" value="C:\Windows\System32\Drivers\DriverData" />
    <property name="os.name" value="Windows 10" />
    <property name="sun.boot.class.path" value="C:\Program Files\Java\jre1.8.0_241\lib\resources.jar;C:\Program Files\Java\jre1.8.0_241\lib\rt.jar;C:\Program Files\Java\jre1.8.0_241\lib\sunrsasign.jar;C:\Program Files\Java\jre1.8.0_241\lib\jsse.jar;C:\Program Files\Java\jre1.8.0_241\lib\jce.jar;C:\Program Files\Java\jre1.8.0_241\lib\charsets.jar;C:\Program Files\Java\jre1.8.0_241\lib\jfr.jar;C:\Program Files\Java\jre1.8.0_241\classes" />
    <property name="env.COMPUTERNAME" value="LAPTOP-LDSBS6LI" />
    <property name="env.CommonProgramW6432" value="C:\Program Files\Common Files" />
    <property name="env.ALLUSERSPROFILE" value="C:\ProgramData" />
    <property name="sun.desktop" value="windows" />
    <property name="java.vm.specification.vendor" value="Oracle Corporation" />
    <property name="ant.home" value="C:\Users\steve\OneDrive\Desktop\eclipse\plugins\org.apache.ant_1.10.7.v20190926-0324" />
    <property name="java.runtime.version" value="1.8.0_241-b07" />
    <property name="ant.file.type.CampusParkus" value="file" />
    <property name="env.HOMEPATH" value="\Users\steve" />
    <property name="env.RegionCode" value="NA" />
    <property name="user.name" value="steve" />
    <property name="ant.file.CampusParkus" value="C:\Users\steve\eclipse-workspace\CampusParkus\build.xml" />
    <property name="user.language" value="en" />
    <property name="sun.boot.library.path" value="C:\Program Files\Java\jre1.8.0_241\bin" />
    <property name="ant.project.default-target" value="build" />
    <property name="ant.project.name" value="CampusParkus" />
    <property name="java.version" value="1.8.0_241" />
    <property name="env.PROCESSOR_IDENTIFIER" value="Intel64 Family 6 Model 142 Stepping 11, GenuineIntel" />
    <property name="env.OnlineServices" value="Online Services" />
    <property name="user.timezone" value="" />
    <property name="env.TEMP" value="C:\Users\steve\AppData\Local\Temp" />
    <property name="sun.arch.data.model" value="64" />
    <property name="java.endorsed.dirs" value="C:\Program Files\Java\jre1.8.0_241\lib\endorsed" />
    <property name="sun.cpu.isalist" value="amd64" />
    <property name="env.HOMEDRIVE" value="C:" />
    <property name="sun.jnu.encoding" value="Cp1252" />
    <property name="file.encoding.pkg" value="sun.io" />
    <property name="ECLIPSE_HOME" value="../../OneDrive/Desktop/eclipse/" />
    <property name="file.separator" value="\" />
    <property name="java.specification.name" value="Java Platform API Specification" />
    <property name="java.class.version" value="52.0" />
    <property name="user.country" value="US" />
    <property name="java.home" value="C:\Program Files\Java\jre1.8.0_241" />
    <property name="env.PSModulePath" value="C:\Program Files\WindowsPowerShell\Modules;C:\WINDOWS\system32\WindowsPowerShell\v1.0\Modules" />
    <property name="env.APPDATA" value="C:\Users\steve\AppData\Roaming" />
    <property name="env.PUBLIC" value="C:\Users\Public" />
    <property name="java.vm.info" value="mixed mode" />
    <property name="env.ComSpec" value="C:\WINDOWS\system32\cmd.exe" />
    <property name="env.OS" value="Windows_NT" />
    <property name="env.CommonProgramFiles" value="C:\Program Files\Common Files" />
    <property name="ant.file" value="C:\Users\steve\eclipse-workspace\CampusParkus\build.xml" />
    <property name="os.version" value="10.0" />
    <property name="env.ProgramW6432" value="C:\Program Files" />
    <property name="path.separator" value=";" />
    <property name="java.vm.version" value="25.241-b07" />
    <property name="env.USERPROFILE" value="C:\Users\steve" />
    <property name="user.variant" value="" />
    <property name="ant.library.dir" value="C:\Users\steve\OneDrive\Desktop\eclipse\plugins\org.apache.ant_1.10.7.v20190926-0324\lib" />
    <property name="env.VS160COMCOMNTOOLS" value="C:\Program Files (x86)\Microsoft Visual Studio\2019\Community\Common7\Tools\" />
    <property name="junit.output.dir" value="junit" />
    <property name="env.JAVA_HOME" value="C:\Program Files\Java\jdk1.8.0_241" />
    <property name="java.awt.printerjob" value="sun.awt.windows.WPrinterJob" />
    <property name="env.TMP" value="C:\Users\steve\AppData\Local\Temp" />
    <property name="env.FPS_BROWSER_USER_PROFILE_STRING" value="Default" />
    <property name="sun.io.unicode.encoding" value="UnicodeLittle" />
    <property name="awt.toolkit" value="sun.awt.windows.WToolkit" />
    <property name="user.script" value="" />
    <property name="eclipse.pdebuild.scripts" value="C:\Users\steve\OneDrive\Desktop\eclipse\plugins\org.eclipse.pde.build_3.10.600.v20191011-0535\scripts" />
    <property name="user.home" value="C:\Users\steve" />
    <property name="target" value="1.8" />
    <property name="env.ProgramData" value="C:\ProgramData" />
    <property name="env.ProgramFiles(x86)" value="C:\Program Files (x86)" />
    <property name="env.SESSIONNAME" value="Console" />
    <property name="java.specification.vendor" value="Oracle Corporation" />
    <property name="java.vendor.url" value="http://java.oracle.com/" />
    <property name="java.library.path" value="C:\Program Files\Java\jre1.8.0_241\bin;C:\WINDOWS\Sun\Java\bin;C:\WINDOWS\system32;C:\WINDOWS;C:/Program Files/Java/jre1.8.0_241/bin/server;C:/Program Files/Java/jre1.8.0_241/bin;C:/Program Files/Java/jre1.8.0_241/lib/amd64;C:\Program Files (x86)\Common Files\Oracle\Java\javapath;C:\WINDOWS\system32;C:\WINDOWS;C:\WINDOWS\System32\Wbem;C:\WINDOWS\System32\WindowsPowerShell\v1.0\;C:\WINDOWS\System32\OpenSSH\;C:\Program Files\dotnet\;C:\Program Files\Microsoft SQL Server\130\Tools\Binn\;C:\Program Files\Microsoft SQL Server\Client SDK\ODBC\170\Tools\Binn\;C:\Program Files\Java\jdk1.8.0_241\bin;C:\Program Files\Git\cmd;C:\Program Files\MySQL\MySQL Shell 8.0\bin\;C:\Users\steve\AppData\Local\Microsoft\WindowsApps;C:\Users\steve\AppData\Local\atom\bin;C:\Users\steve\OneDrive\Desktop\eclipse;;." />
    <property name="env.NUMBER_OF_PROCESSORS" value="8" />
    <property name="java.vm.vendor" value="Oracle Corporation" />
    <property name="java.runtime.name" value="Java(TM) SE Runtime Environment" />
    <property name="ant.version" value="Apache Ant(TM) version 1.10.7 compiled on September 1 2019" />
    <property name="java.class.path" value="C:\Users\steve\eclipse-workspace\CampusParkus\build\classes;C:\Users\steve\eclipse-workspace\CampusParkus\WebContent\WEB-INF\lib\jstl-1.2.jar;C:\Users\steve\eclipse-workspace\CampusParkus\WebContent\WEB-INF\lib\mysql-connector-java-8.0.20.jar;C:\Users\steve\eclipse-workspace\CampusParkus\WebContent\WEB-INF\lib\servlet-api.jar;C:\Users\steve\OneDrive\Desktop\eclipse\plugins\org.junit.jupiter.api_5.5.1.v20190826-0900.jar;C:\Users\steve\OneDrive\Desktop\eclipse\plugins\org.junit.jupiter.engine_5.5.1.v20190826-0900.jar;C:\Users\steve\OneDrive\Desktop\eclipse\plugins\org.junit.jupiter.migrationsupport_5.5.1.v20190826-0900.jar;C:\Users\steve\OneDrive\Desktop\eclipse\plugins\org.junit.jupiter.params_5.5.1.v20190826-0900.jar;C:\Users\steve\OneDrive\Desktop\eclipse\plugins\org.junit.platform.commons_1.5.1.v20190826-0900.jar;C:\Users\steve\OneDrive\Desktop\eclipse\plugins\org.junit.platform.engine_1.5.1.v20190826-0900.jar;C:\Users\steve\OneDrive\Desktop\eclipse\plugins\org.junit.platform.launcher_1.5.1.v20190826-0900.jar;C:\Users\steve\OneDrive\Desktop\eclipse\plugins\org.junit.platform.runner_1.5.1.v20190826-0900.jar;C:\Users\steve\OneDrive\Desktop\eclipse\plugins\org.junit.platform.suite.api_1.5.1.v20190826-0900.jar;C:\Users\steve\OneDrive\Desktop\eclipse\plugins\org.junit.vintage.engine_5.5.1.v20190826-0900.jar;C:\Users\steve\OneDrive\Desktop\eclipse\plugins\org.opentest4j_1.2.0.v20190826-0900.jar;C:\Users\steve\OneDrive\Desktop\eclipse\plugins\org.apiguardian_1.1.0.v20190826-0900.jar;C:\Users\steve\OneDrive\Desktop\eclipse\plugins\org.junit_4.12.0.v201504281640\junit.jar;C:\Users\steve\OneDrive\Desktop\eclipse\plugins\org.hamcrest.core_1.3.0.v20180420-1519.jar;C:\Users\steve\OneDrive\Desktop\eclipse\plugins\org.apache.ant_1.10.7.v20190926-0324\lib\ant-launcher.jar;C:\Users\steve\OneDrive\Desktop\eclipse\plugins\org.apache.ant_1.10.7.v20190926-0324\lib\ant.jar;C:\Users\steve\OneDrive\Desktop\eclipse\plugins\org.apache.ant_1.10.7.v20190926-0324\lib\ant-junit.jar;C:\Users\steve\OneDrive\Desktop\eclipse\plugins\org.apache.ant_1.10.7.v20190926-0324\lib\ant-junit4.jar" />
    <property name="sun.java.command" value="org.apache.tools.ant.taskdefs.optional.junit.JUnitTestRunner ContactUSDAOTest skipNonTests=false filtertrace=true haltOnError=false haltOnFailure=false formatter=org.apache.tools.ant.taskdefs.optional.junit.OutErrSummaryJUnitResultFormatter showoutput=false outputtoformatters=true logfailedtests=true threadid=0 logtestlistenerevents=false formatter=org.apache.tools.ant.taskdefs.optional.junit.XMLJUnitResultFormatter,C:\Users\steve\eclipse-workspace\CampusParkus\junit\TEST-ContactUSDAOTest.xml crashfile=C:\Users\steve\eclipse-workspace\CampusParkus\junitvmwatcher1742196199667346302.properties propsfile=C:\Users\steve\eclipse-workspace\CampusParkus\junit525938746203180179.properties" />
    <property name="java.vm.specification.name" value="Java Virtual Machine Specification" />
    <property name="env.windir" value="C:\WINDOWS" />
    <property name="env.LOGONSERVER" value="\\LAPTOP-LDSBS6LI" />
    <property name="env.PROCESSOR_ARCHITECTURE" value="AMD64" />
    <property name="java.vm.specification.version" value="1.8" />
    <property name="sun.os.patch.level" value="" />
    <property name="sun.cpu.endian" value="little" />
    <property name="debuglevel" value="source,lines,vars" />
    <property name="env.OneDrive" value="C:\Users\steve\OneDrive" />
    <property name="env.ProgramFiles" value="C:\Program Files" />
    <property name="env.ANT_HOME" value="C:\Users\steve\OneDrive\Desktop\eclipse\plugins\org.apache.ant_1.10.7.v20190926-0324" />
    <property name="java.io.tmpdir" value="C:\Users\steve\AppData\Local\Temp\" />
    <property name="env.PROCESSOR_REVISION" value="8e0b" />
    <property name="eclipse.pdebuild.home" value="C:\Users\steve\OneDrive\Desktop\eclipse\plugins\org.eclipse.pde.build_3.10.600.v20191011-0535\." />
    <property name="env.CommonProgramFiles(x86)" value="C:\Program Files (x86)\Common Files" />
    <property name="java.vendor.url.bug" value="http://bugreport.sun.com/bugreport/" />
    <property name="env.OneDriveConsumer" value="C:\Users\steve\OneDrive" />
    <property name="env.SystemRoot" value="C:\WINDOWS" />
    <property name="env.FPS_BROWSER_APP_PROFILE_STRING" value="Internet Explorer" />
    <property name="java.awt.graphicsenv" value="sun.awt.Win32GraphicsEnvironment" />
    <property name="os.arch" value="amd64" />
    <property name="java.ext.dirs" value="C:\Program Files\Java\jre1.8.0_241\lib\ext;C:\WINDOWS\Sun\Java\lib\ext" />
    <property name="user.dir" value="C:\Users\steve\eclipse-workspace\CampusParkus" />
    <property name="env.LOCALAPPDATA" value="C:\Users\steve\AppData\Local" />
    <property name="line.separator" value="&#xd;&#xa;" />
    <property name="java.vm.name" value="Java HotSpot(TM) 64-Bit Server VM" />
    <property name="env.PATHEXT" value=".COM;.EXE;.BAT;.CMD;.VBS;.VBE;.JS;.JSE;.WSF;.WSH;.MSC" />
    <property name="env.Path" value="C:/Program Files/Java/jre1.8.0_241/bin/server;C:/Program Files/Java/jre1.8.0_241/bin;C:/Program Files/Java/jre1.8.0_241/lib/amd64;C:\Program Files (x86)\Common Files\Oracle\Java\javapath;C:\WINDOWS\system32;C:\WINDOWS;C:\WINDOWS\System32\Wbem;C:\WINDOWS\System32\WindowsPowerShell\v1.0\;C:\WINDOWS\System32\OpenSSH\;C:\Program Files\dotnet\;C:\Program Files\Microsoft SQL Server\130\Tools\Binn\;C:\Program Files\Microsoft SQL Server\Client SDK\ODBC\170\Tools\Binn\;C:\Program Files\Java\jdk1.8.0_241\bin;C:\Program Files\Git\cmd;C:\Program Files\MySQL\MySQL Shell 8.0\bin\;C:\Users\steve\AppData\Local\Microsoft\WindowsApps;C:\Users\steve\AppData\Local\atom\bin;C:\Users\steve\OneDrive\Desktop\eclipse;" />
    <property name="basedir" value="C:\Users\steve\eclipse-workspace\CampusParkus" />
    <property name="ant.java.version" value="1.8" />
    <property name="ant.core.lib" value="C:\Users\steve\OneDrive\Desktop\eclipse\plugins\org.apache.ant_1.10.7.v20190926-0324\lib\ant.jar" />
    <property name="env.USERNAME" value="steve" />
    <property name="source" value="1.8" />
    <property name="env.SystemDrive" value="C:" />
    <property name="file.encoding" value="Cp1252" />
    <property name="env.USERDOMAIN" value="LAPTOP-LDSBS6LI" />
    <property name="env.platformcode" value="KV" />
    <property name="java.specification.version" value="1.8" />
    <property name="ant.project.invoked-targets" value="ContactUSDAOTest" />
    <property name="env.PROCESSOR_LEVEL" value="6" />
  </properties>
  <error message="ContactUSDAOTest" type="java.lang.ClassNotFoundException">java.lang.ClassNotFoundException: ContactUSDAOTest
	at java.net.URLClassLoader.findClass(Unknown Source)
	at java.lang.ClassLoader.loadClass(Unknown Source)
	at sun.misc.Launcher$AppClassLoader.loadClass(Unknown Source)
	at java.lang.ClassLoader.loadClass(Unknown Source)
	at java.lang.Class.forName0(Native Method)
	at java.lang.Class.forName(Unknown Source)
</error>
  <system-out><![CDATA[]]></system-out>
  <system-err><![CDATA[]]></system-err>
</testsuite>
